Log file open, 11/16/17 00:04:18
LogWindows: Failed to load 'aqProf.dll' (GetLastError=126)
LogWindows: File 'aqProf.dll' does not exist
LogWindows: Failed to load 'VtuneApi.dll' (GetLastError=126)
LogWindows: File 'VtuneApi.dll' does not exist
LogWindows: Failed to load 'VtuneApi32e.dll' (GetLastError=126)
LogWindows: File 'VtuneApi32e.dll' does not exist
LogInit: Display: Running engine for game: DDMMO
LogPlatformFile: Not using cached read wrapper
LogInit: Display: RandInit(2020532834) SRandInit(2020532835).
LogInit: Read version file with build ID '3709383'
LogInit: Overriding engine version to CL 3709383, compatible CL 3709383
LogInit: Registered custom module enumerator with build ID '3709383'
LogTaskGraph: Started task graph with 5 named threads and 14 total threads with 3 sets of task threads.
LogStats: Stats thread started at 0.158754
LogD3D11RHI: Aftermath initialized
LogPluginManager: Mounting plugin Paper2D
LogPluginManager: Mounting plugin LightPropagationVolume
LogPluginManager: Mounting plugin CodeLiteSourceCodeAccess
LogPluginManager: Mounting plugin GitSourceControl
LogPluginManager: Mounting plugin KDevelopSourceCodeAccess
LogPluginManager: Mounting plugin NullSourceCodeAccess
LogPluginManager: Mounting plugin PerforceSourceControl
LogPluginManager: Mounting plugin SubversionSourceControl
LogPluginManager: Mounting plugin UObjectPlugin
LogPluginManager: Mounting plugin VisualStudioCodeSourceCodeAccess
LogPluginManager: Mounting plugin VisualStudioSourceCodeAccess
LogPluginManager: Mounting plugin XCodeSourceCodeAccess
LogPluginManager: Mounting plugin AssetManagerEditor
LogPluginManager: Mounting plugin AudioCapture
LogPluginManager: Mounting plugin FacialAnimation
LogPluginManager: Mounting plugin GameplayTagsEditor
LogPluginManager: Mounting plugin MobileLauncherProfileWizard
LogPluginManager: Mounting plugin PluginBrowser
LogPluginManager: Mounting plugin SpeedTreeImporter
LogPluginManager: Mounting plugin AlembicImporter
LogPluginManager: Mounting plugin CharacterAI
LogPluginManager: Mounting plugin HTML5Networking
LogPluginManager: Mounting plugin AndroidMedia
LogPluginManager: Mounting plugin AvfMedia
LogPluginManager: Mounting plugin ImgMedia
LogPluginManager: Mounting plugin MediaCompositing
LogPluginManager: Mounting plugin MediaPlayerEditor
LogPluginManager: Mounting plugin WmfMedia
LogPluginManager: Mounting plugin TcpMessaging
LogPluginManager: Mounting plugin UdpMessaging
LogPluginManager: Mounting plugin ActorSequence
LogPluginManager: Mounting plugin LevelSequenceEditor
LogPluginManager: Mounting plugin MatineeToLevelSequence
LogPluginManager: Mounting plugin OnlineSubsystemGooglePlay
LogPluginManager: Mounting plugin OnlineSubsystemIOS
LogPluginManager: Mounting plugin OnlineSubsystem
LogPluginManager: Mounting plugin OnlineSubsystemNull
LogPluginManager: Mounting plugin OnlineSubsystemUtils
LogPluginManager: Mounting plugin AndroidDeviceProfileSelector
LogPluginManager: Mounting plugin AndroidMoviePlayer
LogPluginManager: Mounting plugin AndroidPermission
LogPluginManager: Mounting plugin AppleARKit
LogPluginManager: Mounting plugin AppleMoviePlayer
LogPluginManager: Mounting plugin ArchVisCharacter
LogPluginManager: Mounting plugin CableComponent
LogPluginManager: Mounting plugin CustomMeshComponent
LogPluginManager: Mounting plugin ExampleDeviceProfileSelector
LogPluginManager: Mounting plugin GoogleCloudMessaging
LogPluginManager: Mounting plugin ImmediatePhysics
LogPluginManager: Mounting plugin IOSDeviceProfileSelector
LogPluginManager: Mounting plugin LinuxDeviceProfileSelector
LogPluginManager: Mounting plugin LocationServicesBPLibrary
LogPluginManager: Mounting plugin MobilePatchingUtils
LogPluginManager: Mounting plugin OculusVR
LogPluginManager: Plugin shader directory ../../../Engine/Plugins/Runtime/Oculus/OculusVR/Shaders found
LogPluginManager: Mapping shader source directory ../../../Engine/Plugins/Runtime/Oculus/OculusVR/Shaders to virtual directory /Plugin/OculusVR
LogPluginManager: Mounting plugin PhysXVehicles
LogPluginManager: Mounting plugin ProceduralMeshComponent
LogPluginManager: Mounting plugin RuntimePhysXCooking
LogPluginManager: Mounting plugin SteamVR
LogPluginManager: Mounting plugin WindowsMoviePlayer
LogModuleManager: Display: Found up-to-date module file ../../../../../../Unreal/DigitalDurgenMMO/DDMMO/Binaries/Win64/UE4Editor-DDMMO-244.dll (API version 3709383).
LogModuleManager: Display: Found up-to-date module file ../../../Engine/Plugins/2D/Paper2D/Binaries/Win64/UE4Editor-Paper2D.dll (API version 3709383).
LogModuleManager: Display: Found up-to-date module file ../../../Engine/Plugins/2D/Paper2D/Binaries/Win64/UE4Editor-Paper2DEditor.dll (API version 3709383).
LogModuleManager: Display: Found up-to-date module file ../../../Engine/Plugins/2D/Paper2D/Binaries/Win64/UE4Editor-PaperSpriteSheetImporter.dll (API version 3709383).
LogModuleManager: Display: Found up-to-date module file ../../../Engine/Plugins/2D/Paper2D/Binaries/Win64/UE4Editor-PaperTiledImporter.dll (API version 3709383).
LogModuleManager: Display: Found up-to-date module file ../../../Engine/Plugins/2D/Paper2D/Binaries/Win64/UE4Editor-SmartSnapping.dll (API version 3709383).
LogModuleManager: Display: Found up-to-date module file ../../../Engine/Plugins/Blendables/LightPropagationVolume/Binaries/Win64/UE4Editor-LightPropagationVolumeRuntime.dll (API version 3709383).
LogModuleManager: Display: Found up-to-date module file ../../../Engine/Plugins/Blendables/LightPropagationVolume/Binaries/Win64/UE4Editor-LightPropagationVolumeEditor.dll (API version 3709383).
LogModuleManager: Display: Found up-to-date module file ../../../Engine/Plugins/Developer/GitSourceControl/Binaries/Win64/UE4Editor-GitSourceControl.dll (API version 3709383).
LogModuleManager: Display: Found up-to-date module file ../../../Engine/Plugins/Developer/PerforceSourceControl/Binaries/Win64/UE4Editor-PerforceSourceControl.dll (API version 3709383).
LogModuleManager: Display: Found up-to-date module file ../../../Engine/Plugins/Developer/SubversionSourceControl/Binaries/Win64/UE4Editor-SubversionSourceControl.dll (API version 3709383).
LogModuleManager: Display: Found up-to-date module file ../../../Engine/Plugins/Developer/UObjectPlugin/Binaries/Win64/UE4Editor-UObjectPlugin.dll (API version 3709383).
LogModuleManager: Display: Found up-to-date module file ../../../Engine/Plugins/Developer/VisualStudioCodeSourceCodeAccess/Binaries/Win64/UE4Editor-VisualStudioCodeSourceCodeAccess.dll (API version 3709383).
LogModuleManager: Display: Found up-to-date module file ../../../Engine/Plugins/Developer/VisualStudioSourceCodeAccess/Binaries/Win64/UE4Editor-VisualStudioSourceCodeAccess.dll (API version 3709383).
LogModuleManager: Display: Found up-to-date module file ../../../Engine/Plugins/Editor/AssetManagerEditor/Binaries/Win64/UE4Editor-AssetManagerEditor.dll (API version 3709383).
LogModuleManager: Display: Found up-to-date module file ../../../Engine/Plugins/Editor/AudioCapture/Binaries/Win64/UE4Editor-AudioCapture.dll (API version 3709383).
LogModuleManager: Display: Found up-to-date module file ../../../Engine/Plugins/Editor/FacialAnimation/Binaries/Win64/UE4Editor-FacialAnimation.dll (API version 3709383).
LogModuleManager: Display: Found up-to-date module file ../../../Engine/Plugins/Editor/FacialAnimation/Binaries/Win64/UE4Editor-FacialAnimationEditor.dll (API version 3709383).
LogModuleManager: Display: Found up-to-date module file ../../../Engine/Plugins/Editor/GameplayTagsEditor/Binaries/Win64/UE4Editor-GameplayTagsEditor.dll (API version 3709383).
LogModuleManager: Display: Found up-to-date module file ../../../Engine/Plugins/Editor/MobileLauncherProfileWizard/Binaries/Win64/UE4Editor-MobileLauncherProfileWizard.dll (API version 3709383).
LogModuleManager: Display: Found up-to-date module file ../../../Engine/Plugins/Editor/PluginBrowser/Binaries/Win64/UE4Editor-PluginBrowser.dll (API version 3709383).
LogModuleManager: Display: Found up-to-date module file ../../../Engine/Plugins/Editor/SpeedTreeImporter/Binaries/Win64/UE4Editor-SpeedTreeImporter.dll (API version 3709383).
LogModuleManager: Display: Found up-to-date module file ../../../Engine/Plugins/Experimental/AlembicImporter/Binaries/Win64/UE4Editor-AlembicImporter.dll (API version 3709383).
LogModuleManager: Display: Found up-to-date module file ../../../Engine/Plugins/Experimental/AlembicImporter/Binaries/Win64/UE4Editor-AlembicLibrary.dll (API version 3709383).
LogModuleManager: Display: Found up-to-date module file ../../../Engine/Plugins/Experimental/CharacterAI/Binaries/Win64/UE4Editor-CharacterAI.dll (API version 3709383).
LogModuleManager: Display: Found up-to-date module file ../../../Engine/Plugins/Experimental/HTML5Networking/Binaries/Win64/UE4Editor-HTML5Networking.dll (API version 3709383).
LogModuleManager: Display: Found up-to-date module file ../../../Engine/Plugins/Media/AndroidMedia/Binaries/Win64/UE4Editor-AndroidMediaEditor.dll (API version 3709383).
LogModuleManager: Display: Found up-to-date module file ../../../Engine/Plugins/Media/AndroidMedia/Binaries/Win64/UE4Editor-AndroidMediaFactory.dll (API version 3709383).
LogModuleManager: Display: Found up-to-date module file ../../../Engine/Plugins/Media/AvfMedia/Binaries/Win64/UE4Editor-AvfMediaEditor.dll (API version 3709383).
LogModuleManager: Display: Found up-to-date module file ../../../Engine/Plugins/Media/AvfMedia/Binaries/Win64/UE4Editor-AvfMediaFactory.dll (API version 3709383).
LogModuleManager: Display: Found up-to-date module file ../../../Engine/Plugins/Media/AvfMedia/Binaries/Win64/UE4Editor-AvfMediaFactory.dll (API version 3709383).
LogModuleManager: Display: Found up-to-date module file ../../../Engine/Plugins/Media/ImgMedia/Binaries/Win64/UE4Editor-ImgMedia.dll (API version 3709383).
LogModuleManager: Display: Found up-to-date module file ../../../Engine/Plugins/Media/ImgMedia/Binaries/Win64/UE4Editor-ImgMediaEditor.dll (API version 3709383).
LogModuleManager: Display: Found up-to-date module file ../../../Engine/Plugins/Media/ImgMedia/Binaries/Win64/UE4Editor-ImgMediaFactory.dll (API version 3709383).
LogModuleManager: Display: Found up-to-date module file ../../../Engine/Plugins/Media/ImgMedia/Binaries/Win64/UE4Editor-ImgMediaFactory.dll (API version 3709383).
LogModuleManager: Display: Found up-to-date module file ../../../Engine/Plugins/Media/ImgMedia/Binaries/Win64/UE4Editor-OpenExrWrapper.dll (API version 3709383).
LogModuleManager: Display: Found up-to-date module file ../../../Engine/Plugins/Media/MediaCompositing/Binaries/Win64/UE4Editor-MediaCompositing.dll (API version 3709383).
LogModuleManager: Display: Found up-to-date module file ../../../Engine/Plugins/Media/MediaCompositing/Binaries/Win64/UE4Editor-MediaCompositingEditor.dll (API version 3709383).
LogModuleManager: Display: Found up-to-date module file ../../../Engine/Plugins/Media/MediaPlayerEditor/Binaries/Win64/UE4Editor-MediaPlayerEditor.dll (API version 3709383).
LogModuleManager: Display: Found up-to-date module file ../../../Engine/Plugins/Media/WmfMedia/Binaries/Win64/UE4Editor-WmfMedia.dll (API version 3709383).
LogModuleManager: Display: Found up-to-date module file ../../../Engine/Plugins/Media/WmfMedia/Binaries/Win64/UE4Editor-WmfMediaEditor.dll (API version 3709383).
LogModuleManager: Display: Found up-to-date module file ../../../Engine/Plugins/Media/WmfMedia/Binaries/Win64/UE4Editor-WmfMediaFactory.dll (API version 3709383).
LogModuleManager: Display: Found up-to-date module file ../../../Engine/Plugins/Media/WmfMedia/Binaries/Win64/UE4Editor-WmfMediaFactory.dll (API version 3709383).
LogModuleManager: Display: Found up-to-date module file ../../../Engine/Plugins/Messaging/TcpMessaging/Binaries/Win64/UE4Editor-TcpMessaging.dll (API version 3709383).
LogModuleManager: Display: Found up-to-date module file ../../../Engine/Plugins/Messaging/UdpMessaging/Binaries/Win64/UE4Editor-UdpMessaging.dll (API version 3709383).
LogModuleManager: Display: Found up-to-date module file ../../../Engine/Plugins/MovieScene/ActorSequence/Binaries/Win64/UE4Editor-ActorSequence.dll (API version 3709383).
LogModuleManager: Display: Found up-to-date module file ../../../Engine/Plugins/MovieScene/LevelSequenceEditor/Binaries/Win64/UE4Editor-LevelSequenceEditor.dll (API version 3709383).
LogModuleManager: Display: Found up-to-date module file ../../../Engine/Plugins/MovieScene/MatineeToLevelSequence/Binaries/Win64/UE4Editor-MatineeToLevelSequence.dll (API version 3709383).
LogModuleManager: Display: Found up-to-date module file ../../../Engine/Plugins/Online/OnlineSubsystem/Binaries/Win64/UE4Editor-OnlineSubsystem.dll (API version 3709383).
LogModuleManager: Display: Found up-to-date module file ../../../Engine/Plugins/Online/OnlineSubsystemNull/Binaries/Win64/UE4Editor-OnlineSubsystemNull.dll (API version 3709383).
LogModuleManager: Display: Found up-to-date module file ../../../Engine/Plugins/Online/OnlineSubsystemUtils/Binaries/Win64/UE4Editor-OnlineSubsystemUtils.dll (API version 3709383).
LogModuleManager: Display: Found up-to-date module file ../../../Engine/Plugins/Online/OnlineSubsystemUtils/Binaries/Win64/UE4Editor-OnlineBlueprintSupport.dll (API version 3709383).
LogModuleManager: Display: Found up-to-date module file ../../../Engine/Plugins/Runtime/AndroidDeviceProfileSelector/Binaries/Win64/UE4Editor-AndroidDeviceProfileSelector.dll (API version 3709383).
LogModuleManager: Display: Found up-to-date module file ../../../Engine/Plugins/Runtime/AndroidPermission/Binaries/Win64/UE4Editor-AndroidPermission.dll (API version 3709383).
LogModuleManager: Display: Found up-to-date module file ../../../Engine/Plugins/Runtime/AppleARKit/Binaries/Win64/UE4Editor-AppleARKit.dll (API version 3709383).
LogModuleManager: Display: Found up-to-date module file ../../../Engine/Plugins/Runtime/ArchVisCharacter/Binaries/Win64/UE4Editor-ArchVisCharacter.dll (API version 3709383).
LogModuleManager: Display: Found up-to-date module file ../../../Engine/Plugins/Runtime/CableComponent/Binaries/Win64/UE4Editor-CableComponent.dll (API version 3709383).
LogModuleManager: Display: Found up-to-date module file ../../../Engine/Plugins/Runtime/CustomMeshComponent/Binaries/Win64/UE4Editor-CustomMeshComponent.dll (API version 3709383).
LogModuleManager: Display: Found up-to-date module file ../../../Engine/Plugins/Runtime/ExampleDeviceProfileSelector/Binaries/Win64/UE4Editor-ExampleDeviceProfileSelector.dll (API version 3709383).
LogModuleManager: Display: Found up-to-date module file ../../../Engine/Plugins/Runtime/ImmediatePhysics/Binaries/Win64/UE4Editor-ImmediatePhysics.dll (API version 3709383).
LogModuleManager: Display: Found up-to-date module file ../../../Engine/Plugins/Runtime/ImmediatePhysics/Binaries/Win64/UE4Editor-ImmediatePhysicsEditor.dll (API version 3709383).
LogModuleManager: Display: Found up-to-date module file ../../../Engine/Plugins/Runtime/LocationServicesBPLibrary/Binaries/Win64/UE4Editor-LocationServicesBPLibrary.dll (API version 3709383).
LogModuleManager: Display: Found up-to-date module file ../../../Engine/Plugins/Runtime/MobilePatchingUtils/Binaries/Win64/UE4Editor-MobilePatchingUtils.dll (API version 3709383).
LogModuleManager: Display: Found up-to-date module file ../../../Engine/Plugins/Runtime/Oculus/OculusVR/Binaries/Win64/UE4Editor-OculusHMD.dll (API version 3709383).
LogModuleManager: Display: Found up-to-date module file ../../../Engine/Plugins/Runtime/Oculus/OculusVR/Binaries/Win64/UE4Editor-OculusInput.dll (API version 3709383).
LogModuleManager: Display: Found up-to-date module file ../../../Engine/Plugins/Runtime/Oculus/OculusVR/Binaries/Win64/UE4Editor-OculusEditor.dll (API version 3709383).
LogModuleManager: Display: Found up-to-date module file ../../../Engine/Plugins/Runtime/PhysXVehicles/Binaries/Win64/UE4Editor-PhysXVehicles.dll (API version 3709383).
LogModuleManager: Display: Found up-to-date module file ../../../Engine/Plugins/Runtime/PhysXVehicles/Binaries/Win64/UE4Editor-PhysXVehiclesEditor.dll (API version 3709383).
LogModuleManager: Display: Found up-to-date module file ../../../Engine/Plugins/Runtime/ProceduralMeshComponent/Binaries/Win64/UE4Editor-ProceduralMeshComponent.dll (API version 3709383).
LogModuleManager: Display: Found up-to-date module file ../../../Engine/Plugins/Runtime/ProceduralMeshComponent/Binaries/Win64/UE4Editor-ProceduralMeshComponentEditor.dll (API version 3709383).
LogModuleManager: Display: Found up-to-date module file ../../../Engine/Plugins/Runtime/RuntimePhysXCooking/Binaries/Win64/UE4Editor-RuntimePhysXCooking.dll (API version 3709383).
LogModuleManager: Display: Found up-to-date module file ../../../Engine/Plugins/Runtime/Steam/SteamVR/Binaries/Win64/UE4Editor-SteamVR.dll (API version 3709383).
LogModuleManager: Display: Found up-to-date module file ../../../Engine/Plugins/Runtime/Steam/SteamVR/Binaries/Win64/UE4Editor-SteamVRController.dll (API version 3709383).
LogModuleManager: Display: Found up-to-date module file ../../../Engine/Plugins/Runtime/WindowsMoviePlayer/Binaries/Win64/UE4Editor-WindowsMoviePlayer.dll (API version 3709383).
LogInit: Using libcurl 7.47.1
LogInit:  - built for x86_64-pc-win32
LogInit:  - supports SSL with OpenSSL/1.0.2g
LogInit:  - supports HTTP deflate (compression) using libz 1.2.8
LogInit:  - other features:
LogInit:      CURL_VERSION_SSL
LogInit:      CURL_VERSION_LIBZ
LogInit:      CURL_VERSION_IPV6
LogInit:      CURL_VERSION_ASYNCHDNS
LogInit:      CURL_VERSION_LARGEFILE
LogInit:      CURL_VERSION_IDN
LogInit:  CurlRequestOptions (configurable via config and command line):
LogInit:  - bVerifyPeer = false  - Libcurl will NOT verify peer certificate
LogInit:  - bUseHttpProxy = false  - Libcurl will NOT use HTTP proxy
LogInit:  - bDontReuseConnections = false  - Libcurl will reuse connections
LogInit:  - CertBundlePath = nullptr  - Libcurl will use whatever was configured at build time.
LogInit: Build: ++UE4+Release-4.18-CL-3709383
LogInit: Engine Version: 4.18.0-3709383+++UE4+Release-4.18
LogInit: Compatible Engine Version: 4.18.0-3709383+++UE4+Release-4.18
LogInit: Net CL: 3709383
LogDevObjectVersion: Number of dev versions registered: 16
LogDevObjectVersion:   Dev-Blueprints (B0D832E4-1F89-4F0D-ACCF-7EB736FD4AA2): 10
LogDevObjectVersion:   Dev-Build (E1C64328-A22C-4D53-A36C-8E866417BD8C): 0
LogDevObjectVersion:   Dev-Core (375EC13C-06E4-48FB-B500-84F0262A717E): 2
LogDevObjectVersion:   Dev-Editor (E4B068ED-F494-42E9-A231-DA0B2E46BB41): 20
LogDevObjectVersion:   Dev-Framework (CFFC743F-43B0-4480-9391-14DF171D2073): 30
LogDevObjectVersion:   Dev-Mobile (B02B49B5-BB20-44E9-A304-32B752E40360): 0
LogDevObjectVersion:   Dev-Networking (A4E4105C-59A1-49B5-A7C5-40C4547EDFEE): 0
LogDevObjectVersion:   Dev-Online (39C831C9-5AE6-47DC-9A44-9C173E1C8E7C): 0
LogDevObjectVersion:   Dev-Physics (78F01B33-EBEA-4F98-B9B4-84EACCB95AA2): 0
LogDevObjectVersion:   Dev-Platform (6631380F-2D4D-43E0-8009-CF276956A95A): 0
LogDevObjectVersion:   Dev-Rendering (12F88B9F-8875-4AFC-A67C-D90C383ABD29): 20
LogDevObjectVersion:   Dev-Sequencer (7B5AE74C-D270-4C10-A958-57980B212A5A): 4
LogDevObjectVersion:   Dev-VR (D7296918-1DD6-4BDD-9DE2-64A83CC13884): 0
LogDevObjectVersion:   Dev-LoadTimes (C2A15278-BFE7-4AFE-6C17-90FF531DF755): 1
LogDevObjectVersion:   Private-Geometry (6EACA3D4-40EC-4CC1-B786-8BED09428FC5): 1
LogDevObjectVersion:   Dev-AnimPhys (29E575DD-E0A3-4627-9D10-D276232CDCEA): 12
LogInit: Compiled (64-bit): Oct 20 2017 10:39:19
LogInit: Compiled with Visual C++: 19.00.24215.01
LogInit: Build Configuration: Development
LogInit: Branch Name: ++UE4+Release-4.18
LogInit: Command line:  
LogInit: Base directory: D:/Games/Epic Games/UE_4.18/Engine/Binaries/Win64/
LogInit: Installed Engine Build: 1
LogInit: Presizing for max 8388607 objects, including 0 objects not considered by GC, pre-allocating 0 bytes for permanent pool.
LogInit: Object subsystem initialized
[2017.11.16-05.04.20:998][  0]LogInit: Selected Device Profile: [Windows]
[2017.11.16-05.04.20:998][  0]LogInit: Applying CVar settings loaded from the selected device profile: [Windows]
[2017.11.16-05.04.21:006][  0]LogInit: Computer: BMO
[2017.11.16-05.04.21:006][  0]LogInit: User: Ben
[2017.11.16-05.04.21:006][  0]LogInit: CPU Page size=4096, Cores=4
[2017.11.16-05.04.21:006][  0]LogInit: High frequency timer resolution =3.903991 MHz
[2017.11.16-05.04.21:006][  0]LogMemory: Memory total: Physical=15.9GB (16GB approx)
[2017.11.16-05.04.21:006][  0]LogMemory: Platform Memory Stats for Windows
[2017.11.16-05.04.21:006][  0]LogMemory: Process Physical Memory: 270.00 MB used, 270.00 MB peak
[2017.11.16-05.04.21:006][  0]LogMemory: Process Virtual Memory: 269.88 MB used, 269.88 MB peak
[2017.11.16-05.04.21:006][  0]LogMemory: Physical Memory: 7098.80 MB used,  9227.75 MB free, 16326.55 MB total
[2017.11.16-05.04.21:006][  0]LogMemory: Virtual Memory: 623.75 MB used,  9227.75 MB free, 134217728.00 MB total
[2017.11.16-05.04.21:101][  0]LogInit: Using OS detected language (en-US).
[2017.11.16-05.04.21:101][  0]LogInit: Using OS detected locale (en-CA).
[2017.11.16-05.04.21:104][  0]LogTextLocalizationManager: No specific localization for 'en-US' exists, so the 'en' localization will be used.
[2017.11.16-05.04.21:435][  0]LogInit: Setting process to per monitor DPI aware
[2017.11.16-05.04.21:707][  0]LogD3D11RHI: D3D11 adapters:
[2017.11.16-05.04.22:203][  0]LogD3D11RHI:    0. 'NVIDIA GeForce GTX 970' (Feature Level 11_0)
[2017.11.16-05.04.22:203][  0]LogD3D11RHI:       3976/0/8163 MB DedicatedVideo/DedicatedSystem/SharedSystem, Outputs:2, VendorId:0x10de
[2017.11.16-05.04.22:204][  0]LogD3D11RHI:    1. 'Microsoft Basic Render Driver' (Feature Level 11_0)
[2017.11.16-05.04.22:204][  0]LogD3D11RHI:       0/0/256 MB DedicatedVideo/DedicatedSystem/SharedSystem, Outputs:0, VendorId:0x1414
[2017.11.16-05.04.22:204][  0]LogD3D11RHI: Chosen D3D11 Adapter: 0
[2017.11.16-05.04.22:208][  0]LogD3D11RHI: Creating new Direct3DDevice
[2017.11.16-05.04.22:208][  0]LogD3D11RHI:     GPU DeviceId: 0x13c2 (for the marketing name, search the web for "GPU Device Id")
[2017.11.16-05.04.22:208][  0]LogWindows: EnumDisplayDevices:
[2017.11.16-05.04.22:208][  0]LogWindows:    0. 'NVIDIA GeForce GTX 970' (P:1 D:1)
[2017.11.16-05.04.22:208][  0]LogWindows:    1. 'NVIDIA GeForce GTX 970' (P:0 D:1)
[2017.11.16-05.04.22:208][  0]LogWindows:    2. 'NVIDIA GeForce GTX 970' (P:0 D:0)
[2017.11.16-05.04.22:208][  0]LogWindows:    3. 'NVIDIA GeForce GTX 970' (P:0 D:0)
[2017.11.16-05.04.22:208][  0]LogWindows: DebugString: FoundDriverCount:4 
[2017.11.16-05.04.22:208][  0]LogD3D11RHI:     Adapter Name: NVIDIA GeForce GTX 970
[2017.11.16-05.04.22:208][  0]LogD3D11RHI:   Driver Version: 378.49 (internal:21.21.13.7849, unified:378.49)
[2017.11.16-05.04.22:208][  0]LogD3D11RHI:      Driver Date: 1-20-2017
[2017.11.16-05.04.22:208][  0]LogRHI: Texture pool is 2783 MB (70% of 3976 MB)
[2017.11.16-05.04.22:703][  0]LogD3D11RHI: Async texture creation enabled
[2017.11.16-05.04.22:719][  0]LogD3D11RHI: GPU Timing Frequency: 1000.000000 (Debug: 2 2)
[2017.11.16-05.04.22:818][  0]LogShaderCompilers: Guid format shader working directory is -4 characters bigger than the processId version (../../../../../../Unreal/DigitalDurgenMMO/DDMMO/Intermediate/Shaders/WorkingDirectory/14988/).
[2017.11.16-05.04.22:818][  0]LogShaderCompilers: Cleaned the shader compiler working directory 'C:/Users/Ben/AppData/Local/Temp/UnrealShaderWorkingDir/4F2006804155FE8C5A0E389D9E8A0FB2/'.
[2017.11.16-05.04.22:819][  0]LogShaderCompilers: Display: Using Local Shader Compiler.
[2017.11.16-05.04.23:622][  0]LogTemp: Display: Loaded TP AllDesktopTargetPlatform
[2017.11.16-05.04.23:660][  0]LogTemp: Display: Loaded TP MacClientTargetPlatform
[2017.11.16-05.04.23:699][  0]LogTemp: Display: Loaded TP MacNoEditorTargetPlatform
[2017.11.16-05.04.23:737][  0]LogTemp: Display: Loaded TP MacServerTargetPlatform
[2017.11.16-05.04.23:776][  0]LogTemp: Display: Loaded TP MacTargetPlatform
[2017.11.16-05.04.23:816][  0]LogTemp: Display: Loaded TP WindowsClientTargetPlatform
[2017.11.16-05.04.23:857][  0]LogTemp: Display: Loaded TP WindowsNoEditorTargetPlatform
[2017.11.16-05.04.23:898][  0]LogTemp: Display: Loaded TP WindowsServerTargetPlatform
[2017.11.16-05.04.23:932][  0]LogTemp: Display: Loaded TP WindowsTargetPlatform
[2017.11.16-05.04.23:969][  0]LogTemp: Display: Loaded TP Android_ASTCTargetPlatform
[2017.11.16-05.04.24:007][  0]LogTemp: Display: Loaded TP Android_ATCTargetPlatform
[2017.11.16-05.04.24:045][  0]LogTemp: Display: Loaded TP Android_DXTTargetPlatform
[2017.11.16-05.04.24:083][  0]LogTemp: Display: Loaded TP Android_ETC1TargetPlatform
[2017.11.16-05.04.24:121][  0]LogTemp: Display: Loaded TP Android_ETC2TargetPlatform
[2017.11.16-05.04.24:197][  0]LogTemp: Display: Loaded TP Android_MultiTargetPlatform
[2017.11.16-05.04.24:197][  0]LogTemp: Display: Loaded TP Android_PVRTCTargetPlatform
[2017.11.16-05.04.24:234][  0]LogTemp: Display: Loaded TP AndroidTargetPlatform
[2017.11.16-05.04.24:263][  0]LogTemp: Display: Loaded TP HTML5TargetPlatform
[2017.11.16-05.04.24:332][  0]LogTemp: Display: Loaded TP IOSTargetPlatform
[2017.11.16-05.04.24:365][  0]LogTemp: Display: Loaded TP TVOSTargetPlatform
[2017.11.16-05.04.24:409][  0]LogTemp: Display: Loaded TP LinuxClientTargetPlatform
[2017.11.16-05.04.24:446][  0]LogTemp: Display: Loaded TP LinuxNoEditorTargetPlatform
[2017.11.16-05.04.24:483][  0]LogTemp: Display: Loaded TP LinuxServerTargetPlatform
[2017.11.16-05.04.24:522][  0]LogTemp: Display: Loaded TP LinuxTargetPlatform
[2017.11.16-05.04.24:522][  0]LogTargetPlatformManager: Display: Building Assets For Windows
[2017.11.16-05.04.24:841][  0]LogDerivedDataCache: Display: Max Cache Size: 512 MB
[2017.11.16-05.04.24:909][  0]LogDerivedDataCache: Loaded boot cache 0.07s 79MB C:/Users/Ben/AppData/Local/UnrealEngine/4.18/DerivedDataCache/Boot.ddc.
[2017.11.16-05.04.24:910][  0]LogDerivedDataCache: Display: Loaded Boot cache: C:/Users/Ben/AppData/Local/UnrealEngine/4.18/DerivedDataCache/Boot.ddc
[2017.11.16-05.04.24:910][  0]LogDerivedDataCache: FDerivedDataBackendGraph:  Pak pak cache file ../../../../../../Unreal/DigitalDurgenMMO/DDMMO/DerivedDataCache/DDC.ddp not found, will not use a pak cache.
[2017.11.16-05.04.24:910][  0]LogDerivedDataCache: Unable to find inner node Pak for hierarchical cache Hierarchy.
[2017.11.16-05.04.24:910][  0]LogDerivedDataCache: FDerivedDataBackendGraph:  CompressedPak pak cache file ../../../../../../Unreal/DigitalDurgenMMO/DDMMO/DerivedDataCache/Compressed.ddp not found, will not use a pak cache.
[2017.11.16-05.04.24:910][  0]LogDerivedDataCache: Unable to find inner node CompressedPak for hierarchical cache Hierarchy.
[2017.11.16-05.04.24:925][  0]LogDerivedDataCache: Display: Pak cache opened for reading ../../../Engine/DerivedDataCache/Compressed.ddp.
[2017.11.16-05.04.24:938][  0]LogDerivedDataCache: Using Local data cache path C:/Users/Ben/AppData/Local/UnrealEngine/Common/DerivedDataCache: Writable
[2017.11.16-05.04.24:946][  0]LogMaterial: Verifying Global Shaders for PCD3D_SM5
[2017.11.16-05.04.24:946][  0]LogSlate: Using Freetype 2.6.0
[2017.11.16-05.04.24:947][  0]LogSlate: SlateFontCache - WITH_FREETYPE: 1, WITH_HARFBUZZ: 1
[2017.11.16-05.04.24:947][  0]LogSlate: SlateFontCache - WITH_FREETYPE: 1, WITH_HARFBUZZ: 1
[2017.11.16-05.04.25:287][  0]LogInit: Selected Device Profile: [Windows]
[2017.11.16-05.04.25:539][  0]LogSimplygon: Simplygon DLL not present - disabling.
[2017.11.16-05.04.25:567][  0]LogMeshReduction: Using SimplygonSwarm for distributed automatic mesh merging
[2017.11.16-05.04.25:567][  0]LogMeshReduction: Using QuadricMeshReduction for automatic static mesh reduction
[2017.11.16-05.04.25:567][  0]LogMeshReduction: No automatic skeletal mesh reduction module available
[2017.11.16-05.04.25:567][  0]LogMeshReduction: No automatic mesh merging module available
[2017.11.16-05.04.25:567][  0]LogMeshMerging: No automatic mesh merging module available
[2017.11.16-05.04.25:603][  0]LogNetVersion: DDMMO , NetCL: 3709383, EngineNetVer: 2, GameNetVer: 0 (Checksum: 699005191)
[2017.11.16-05.04.25:738][  0]LogAssetRegistry: FAssetRegistry took 0.0262 seconds to start up
[2017.11.16-05.04.26:160][  0]LogPackageLocalizationCache: Processed 7 localized package path(s) for 2 prioritized culture(s) in 0.053588 seconds
[2017.11.16-05.04.26:164][  0]LogUObjectArray: 35900 objects as part of root set at end of initial load.
[2017.11.16-05.04.26:164][  0]LogUObjectAllocator: 7372024 out of 0 bytes used by permanent object pool.
[2017.11.16-05.04.26:164][  0]LogUObjectArray: CloseDisregardForGC: 0/0 objects in disregard for GC pool
[2017.11.16-05.04.26:192][  0]LogInit: WinSock: version 1.1 (2.2), MaxSocks=32767, MaxUdp=65467
[2017.11.16-05.04.28:440][  0]LogTcpMessaging: Initializing TcpMessaging bridge
[2017.11.16-05.04.28:482][  0]LogUdpMessaging: Initializing bridge on interface 0.0.0.0:0 to multicast group 230.0.0.1:6666.
[2017.11.16-05.04.29:244][  0]LogMaterial: Uniform references updated for custom material expression Custom.
[2017.11.16-05.04.29:598][  0]SourceControl: Source control is disabled
[2017.11.16-05.04.29:598][  0]SourceControl: Source control is disabled
[2017.11.16-05.04.29:646][  0]SourceControl: Source control is disabled
[2017.11.16-05.04.29:697][  0]SourceControl: Source control is disabled
[2017.11.16-05.04.30:445][  0]LogAndroidPermission: UAndroidPermissionCallbackProxy::GetInstance
[2017.11.16-05.04.30:694][  0]LogOcInput: OculusInput pre-init called
[2017.11.16-05.04.30:927][  0]LogEngine: Initializing Engine...
[2017.11.16-05.04.30:932][  0]LogHMD: Failed to initialize OpenVR with code 105
[2017.11.16-05.04.31:114][  0]LogStats: UGameplayTagsManager::ConstructGameplayTagTree: Construct from data asset -  0.000 s
[2017.11.16-05.04.31:115][  0]LogStats: UGameplayTagsManager::ConstructGameplayTagTree: GameplayTagTreeChangedEvent.Broadcast -  0.000 s
[2017.11.16-05.04.31:203][  0]LogAIModule: Creating AISystem for world Untitled
[2017.11.16-05.04.31:221][  0]LogInit: XAudio2 using 'Speakers (High Definition Audio Device)' : 2 channels at 44.1 kHz using 16 bits per sample (channel mask 0x3)
[2017.11.16-05.04.31:228][  0]LogInit: FAudioDevice initialized.
[2017.11.16-05.04.31:636][  0]LogDerivedDataCache: Saved boot cache 0.41s 79MB C:/Users/Ben/AppData/Local/UnrealEngine/4.18/DerivedDataCache/Boot.ddc.
[2017.11.16-05.04.31:655][  0]LogInit: Texture streaming: Enabled
[2017.11.16-05.04.31:720][  0]LogEngineSessionManager: EngineSessionManager initialized
[2017.11.16-05.04.31:812][  0]LogInit: Transaction tracking system initialized
[2017.11.16-05.04.32:028][  0]BlueprintLog: New page: Editor Load
[2017.11.16-05.04.32:651][  0]LocalizationService: Localization service is disabled
[2017.11.16-05.04.33:183][  0]LogConsoleResponse: Display: 
[2017.11.16-05.04.33:333][  0]LogCook: Display: Max memory allowance for cook 16384mb min free memory 0mb
[2017.11.16-05.04.33:333][  0]LogCook: Display: Mobile HDR setting 1
[2017.11.16-05.04.33:333][  0]LogGameplayTags: Display: UGameplayTagsManager::DoneAddingNativeTags. DelegateIsBound: 0
[2017.11.16-05.04.34:296][  0]LogFileCache: Scanning file cache for directory 'D:/Unreal/DigitalDurgenMMO/DDMMO/Content/' took 0.01s
[2017.11.16-05.04.34:330][  0]SourceControl: Source control is disabled
[2017.11.16-05.04.34:330][  0]Cmd: MAP LOAD FILE="../../../../../../Unreal/DigitalDurgenMMO/DDMMO/Content/ThirdPersonCPP/Maps/ThirdPersonExampleMap.umap" TEMPLATE=0 SHOWPROGRESS=1 FEATURELEVEL=3
[2017.11.16-05.04.34:330][  0]LogEditorServer: Warning: Can't find file '../../../../../../Unreal/DigitalDurgenMMO/DDMMO/Content/ThirdPersonCPP/Maps/ThirdPersonExampleMap.umap'
[2017.11.16-05.04.34:330][  0]Cmd: MAP CHECKDEP NOCLEARLOG
[2017.11.16-05.04.34:395][  0]MapCheck: Map check complete: 0 Error(s), 0 Warning(s), took 64.547ms to complete.
[2017.11.16-05.04.34:395][  0]LogFileHelpers: Loading map 'ThirdPersonExampleMap' took 0.065
[2017.11.16-05.04.34:504][  0]LogWindowsTextInputMethodSystem: Display: IME system now deactivated.
[2017.11.16-05.04.34:504][  0]LogWindowsTextInputMethodSystem: Display: IME system now deactivated.
[2017.11.16-05.04.34:582][  0]LogCollectionManager: Loaded 0 collections in 0.001231 seconds
[2017.11.16-05.04.34:656][  0]LogFileCache: Scanning file cache for directory 'D:/Unreal/DigitalDurgenMMO/DDMMO/Saved/Collections/' took 0.01s
[2017.11.16-05.04.34:656][  0]LogFileCache: Scanning file cache for directory 'D:/Unreal/DigitalDurgenMMO/DDMMO/Content/Developers/Ben/Collections/' took 0.01s
[2017.11.16-05.04.34:656][  0]LogFileCache: Scanning file cache for directory 'D:/Unreal/DigitalDurgenMMO/DDMMO/Content/Collections/' took 0.01s
[2017.11.16-05.04.34:656][  0]LogCollectionManager: Rebuilt the GUID cache for 0 collections in 0.000000 seconds
[2017.11.16-05.04.34:664][  0]LogContentBrowser: Native class hierarchy populated in 0.0075 seconds. Added 2367 classes and 521 folders.
[2017.11.16-05.04.34:709][  0]LogContentBrowser: Native class hierarchy updated for 'WidgetCarousel' in 0.0009 seconds. Added 0 classes and 0 folders.
[2017.11.16-05.04.34:762][  0]LogContentBrowser: Native class hierarchy updated for 'AddContentDialog' in 0.0009 seconds. Added 0 classes and 0 folders.
[2017.11.16-05.04.34:794][  0]LogContentBrowser: Native class hierarchy updated for 'SceneOutliner' in 0.0009 seconds. Added 1 classes and 2 folders.
[2017.11.16-05.04.34:838][  0]LogSlate: Took 0.000219 seconds to synchronously load lazily loaded font '../../../Engine/Content/Slate/Fonts/Roboto-Regular.ttf' (155K)
[2017.11.16-05.04.34:839][  0]LogSlate: Took 0.000184 seconds to synchronously load lazily loaded font '../../../Engine/Content/Slate/Fonts/Roboto-Bold.ttf' (160K)
[2017.11.16-05.04.34:844][  0]LogSlate: Took 0.000202 seconds to synchronously load lazily loaded font '../../../Engine/Content/Editor/Slate/Fonts/FontAwesome.ttf' (139K)
[2017.11.16-05.04.34:926][  0]LogRenderer: Reallocating scene render targets to support 1208x576 Format 10 NumSamples 1 (Frame:1).
[2017.11.16-05.04.34:955][  0]LogSlate: Took 0.000182 seconds to synchronously load lazily loaded font '../../../Engine/Content/Slate/Fonts/Roboto-Light.ttf' (159K)
[2017.11.16-05.04.35:113][  0]LogContentBrowser: Native class hierarchy updated for 'HierarchicalLODOutliner' in 0.0010 seconds. Added 1 classes and 2 folders.
[2017.11.16-05.04.35:113][  0]LogLoad: (Engine Initialization) Total time: 17.26 seconds
[2017.11.16-05.04.35:113][  0]LogLoad: (Engine Initialization) Total Blueprint compile time: 0.00 seconds
[2017.11.16-05.04.35:113][  0]LogExternalProfiler: No external profilers were discovered.  External profiling features will not be available.
[2017.11.16-05.04.35:135][  0]LogAssetRegistry: Asset discovery search completed in 9.4200 seconds
[2017.11.16-05.04.35:137][  0]LogCollectionManager: Rebuilt the object cache for 0 collections in 0.000000 seconds (found 0 objects)
[2017.11.16-05.04.35:137][  0]LogCollectionManager: Fixed up redirectors for 0 collections in 0.000032 seconds (updated 0 objects)
[2017.11.16-05.04.35:139][  0]LogContentStreaming: Texture pool size now 1000 MB
[2017.11.16-05.04.39:522][432]LogSlate: Took 0.000184 seconds to synchronously load lazily loaded font '../../../Engine/Content/Slate/Fonts/Roboto-Light.ttf' (159K)
[2017.11.16-05.09.39:606][638]LogWindows: LaunchFileInExternalEditor D:/Unreal/DigitalDurgenMMO/DDMMO/Source/DDMMO/CharacterClass.h 
[2017.11.16-05.09.39:702][638]LogWindows: Launch application code for D:/Unreal/DigitalDurgenMMO/DDMMO/Source/DDMMO/CharacterClass.h : 42
[2017.11.16-05.09.39:702][638]LogWindows: LaunchFileInExternalEditor D:/Unreal/DigitalDurgenMMO/DDMMO/Source/DDMMO/CharacterClass.cpp 
[2017.11.16-05.09.39:776][638]LogWindows: Launch application code for D:/Unreal/DigitalDurgenMMO/DDMMO/Source/DDMMO/CharacterClass.cpp : 42
[2017.11.16-05.09.39:776][638]LogVSAccessor: Warning: Couldn't access Visual Studio
[2017.11.16-05.09.39:780][638]LogVSAccessor: Warning: Couldn't access module table
[2017.11.16-05.09.39:780][638]LogVSAccessor: Warning: Couldn't access module table
[2017.11.16-05.09.39:780][638]LogVSAccessor: Warning: Couldn't access module table
[2017.11.16-05.09.39:780][638]LogVSAccessor: Warning: Couldn't access module table
[2017.11.16-05.09.39:780][638]LogVSAccessor: Warning: Couldn't access module table
[2017.11.16-05.09.39:780][638]LogVSAccessor: Warning: Couldn't access module table
[2017.11.16-05.09.39:780][638]LogVSAccessor: Warning: Couldn't access module table
[2017.11.16-05.09.39:780][638]LogVSAccessor: Warning: Couldn't access module table
[2017.11.16-05.09.39:780][638]LogVSAccessor: Warning: Couldn't access module table
[2017.11.16-05.09.39:780][638]LogVSAccessor: Warning: Couldn't access module table
[2017.11.16-05.09.39:780][638]LogVSAccessor: Warning: Couldn't access module table
[2017.11.16-05.09.39:780][638]LogVSAccessor: Warning: Couldn't access module table
[2017.11.16-05.09.39:780][638]LogVSAccessor: Warning: Couldn't access module table
[2017.11.16-05.09.39:780][638]LogVSAccessor: Warning: Couldn't access module table
[2017.11.16-05.09.39:780][638]LogVSAccessor: Warning: Couldn't access module table
[2017.11.16-05.09.39:780][638]LogVSAccessor: Warning: Couldn't access module table
[2017.11.16-05.09.39:780][638]LogVSAccessor: Warning: Couldn't access module table
[2017.11.16-05.09.39:780][638]LogVSAccessor: Warning: Couldn't access module table
[2017.11.16-05.09.39:780][638]LogVSAccessor: Warning: Couldn't access module table
[2017.11.16-05.09.39:780][638]LogVSAccessor: Warning: Couldn't access module table
[2017.11.16-05.09.39:780][638]LogVSAccessor: Warning: Couldn't access module table
[2017.11.16-05.09.39:780][638]LogVSAccessor: Warning: Couldn't access module table
[2017.11.16-05.09.39:780][638]LogVSAccessor: Warning: Couldn't access module table
[2017.11.16-05.09.39:780][638]LogVSAccessor: Warning: Couldn't access module table
[2017.11.16-05.09.39:781][638]LogVSAccessor: Warning: Couldn't access module table
[2017.11.16-05.09.39:781][638]LogVSAccessor: Warning: Couldn't access module table
[2017.11.16-05.09.39:781][638]LogVSAccessor: Warning: Couldn't access module table
[2017.11.16-05.09.39:781][638]LogVSAccessor: Warning: Couldn't access module table
[2017.11.16-05.09.39:781][638]LogVSAccessor: Warning: Couldn't access module table
[2017.11.16-05.09.39:781][638]LogVSAccessor: Warning: Couldn't access module table
[2017.11.16-05.09.39:781][638]LogVSAccessor: Warning: Couldn't access module table
[2017.11.16-05.09.39:781][638]LogVSAccessor: Warning: Couldn't access module table
[2017.11.16-05.09.39:781][638]LogVSAccessor: Warning: Couldn't access module table
[2017.11.16-05.09.39:781][638]LogVSAccessor: Warning: Couldn't access module table
[2017.11.16-05.09.39:781][638]LogVSAccessor: Warning: Couldn't access module table
[2017.11.16-05.09.39:781][638]LogVSAccessor: Warning: Couldn't access module table
[2017.11.16-05.09.39:781][638]LogVSAccessor: Warning: Couldn't access module table
[2017.11.16-05.09.39:781][638]LogVSAccessor: Warning: Couldn't access module table
[2017.11.16-05.09.39:781][638]LogVSAccessor: Warning: Couldn't access module table
[2017.11.16-05.09.39:781][638]LogVSAccessor: Warning: Couldn't access module table
[2017.11.16-05.09.39:781][638]LogVSAccessor: Warning: Couldn't access module table
[2017.11.16-05.09.39:781][638]LogVSAccessor: Warning: Couldn't access module table
[2017.11.16-05.09.39:781][638]LogVSAccessor: Warning: Couldn't access module table
[2017.11.16-05.09.39:781][638]LogVSAccessor: Warning: Couldn't access module table
[2017.11.16-05.09.39:781][638]LogVSAccessor: Warning: Couldn't access module table
[2017.11.16-05.09.39:781][638]LogVSAccessor: Warning: Couldn't access module table
[2017.11.16-05.09.39:782][638]LogVSAccessor: Warning: Couldn't access module table
[2017.11.16-05.09.39:784][638]LogVSAccessor: Warning: Couldn't access module table
[2017.11.16-05.09.39:784][638]LogVSAccessor: Warning: Couldn't access module table
[2017.11.16-05.09.39:784][638]LogVSAccessor: Warning: Couldn't access module table
[2017.11.16-05.09.39:784][638]LogVSAccessor: Warning: Couldn't access module table
[2017.11.16-05.09.39:786][638]LogVSAccessor: Warning: Couldn't access module table
[2017.11.16-05.09.39:786][638]LogVSAccessor: Warning: Couldn't access module table
[2017.11.16-05.09.39:786][638]LogVSAccessor: Warning: Couldn't access module table
[2017.11.16-05.09.39:787][638]LogVSAccessor: Warning: Couldn't access module table
[2017.11.16-05.09.39:787][638]LogVSAccessor: Warning: Couldn't access module table
[2017.11.16-05.09.39:787][638]LogVSAccessor: Warning: Couldn't access module table
[2017.11.16-05.09.39:787][638]LogVSAccessor: Warning: Couldn't access module table
[2017.11.16-05.09.39:789][638]LogVSAccessor: Warning: Couldn't access module table
[2017.11.16-05.09.39:789][638]LogVSAccessor: Warning: Couldn't access module table
[2017.11.16-05.09.39:790][638]LogVSAccessor: Warning: Couldn't access module table
[2017.11.16-05.09.39:791][638]LogVSAccessor: Warning: Couldn't access module table
[2017.11.16-05.09.39:793][638]LogVSAccessor: Warning: Couldn't access module table
[2017.11.16-05.09.39:794][638]LogVSAccessor: Warning: Couldn't access module table
[2017.11.16-05.09.39:794][638]LogVSAccessor: Warning: Couldn't access module table
[2017.11.16-05.09.39:794][638]LogVSAccessor: Warning: Couldn't access module table
[2017.11.16-05.10.36:281][972]LogVSAccessor: Warning: Couldn't access Visual Studio
[2017.11.16-05.10.36:306][972]Candidate modules for hot reload:
[2017.11.16-05.10.36:306][972]  DDMMO
[2017.11.16-05.10.36:306][972]Launching UnrealBuildTool... [D:/Games/Epic Games/UE_4.18/Engine/Binaries/DotNET/UnrealBuildTool.exe DDMMO -ModuleWithSuffix DDMMO 7733 Win64 Development -editorrecompile -canskiplink "D:/Unreal/DigitalDurgenMMO/DDMMO/DDMMO.uproject" ]
[2017.11.16-05.10.36:309][972]Warning: Starting HotReload took  0.0s.
[2017.11.16-05.10.51:291][729]CompilerResultsLog: New page: Compilation - Nov 15, 2017, 7:10:51 PM
[2017.11.16-05.10.51:291][729]CompilerResultsLog: Using 'git status' to determine working set for adaptive non-unity build.
[2017.11.16-05.10.51:291][729]CompilerResultsLog: Compiling game modules for hot reload
[2017.11.16-05.10.51:291][729]CompilerResultsLog: Parsing headers for DDMMOEditor
[2017.11.16-05.10.51:291][729]CompilerResultsLog:   Running UnrealHeaderTool "D:\Unreal\DigitalDurgenMMO\DDMMO\DDMMO.uproject" "D:\Unreal\DigitalDurgenMMO\DDMMO\Intermediate\Build\Win64\DDMMOEditor\Development\DDMMOEditor.uhtmanifest" -LogCmds="loginit warning, logexit warning, logdatabase error" -Unattended -WarningsAsErrors -installed
[2017.11.16-05.10.51:291][729]CompilerResultsLog: Reflection code generated for DDMMOEditor in 8.7129688 seconds
[2017.11.16-05.10.51:291][729]CompilerResultsLog: Performing 5 actions (4 in parallel)
[2017.11.16-05.10.51:291][729]CompilerResultsLog: DDMMO.init.gen.cpp
[2017.11.16-05.10.51:291][729]CompilerResultsLog: CharacterSkill.cpp
[2017.11.16-05.10.51:291][729]CompilerResultsLog: CharacterSkill.gen.cpp
[2017.11.16-05.10.51:291][729]CompilerResultsLog: [4/5] Link UE4Editor-DDMMO-7733.dll
[2017.11.16-05.10.51:291][729]CompilerResultsLog: [5/5] Link UE4Editor-DDMMO-7733.lib
[2017.11.16-05.10.51:291][729]CompilerResultsLog:    Creating library D:\Unreal\DigitalDurgenMMO\DDMMO\Intermediate\Build\Win64\UE4Editor\Development\UE4Editor-DDMMO-7733.suppressed.lib and object D:\Unreal\DigitalDurgenMMO\DDMMO\Intermediate\Build\Win64\UE4Editor\Development\UE4Editor-DDMMO-7733.suppressed.exp
[2017.11.16-05.10.51:291][729]CompilerResultsLog:    Creating library D:\Unreal\DigitalDurgenMMO\DDMMO\Intermediate\Build\Win64\UE4Editor\Development\UE4Editor-DDMMO-7733.lib and object D:\Unreal\DigitalDurgenMMO\DDMMO\Intermediate\Build\Win64\UE4Editor\Development\UE4Editor-DDMMO-7733.exp
[2017.11.16-05.10.51:291][729]CompilerResultsLog: Total build time: 14.74 seconds (Local executor: 1.32 seconds)
[2017.11.16-05.10.51:291][729]LogMainFrame: MainFrame: Module compiling took 15.009 seconds
[2017.11.16-05.10.51:358][729]LogClass: Could not find existing class CharacterSkill in package /Script/DDMMO for HotReload, assuming new class
[2017.11.16-05.10.51:359][729]LogClass: SkillTag HotReload.
[2017.11.16-05.10.51:359][729]LogClass: DebuffType HotReload.
[2017.11.16-05.10.51:359][729]LogClass: BuffType HotReload.
[2017.11.16-05.10.51:359][729]LogClass: CastType HotReload.
[2017.11.16-05.10.51:359][729]LogClass: CastLocation HotReload.
[2017.11.16-05.10.51:361][729]LogHotReload: Re-instancing CharacterSkill after hot-reload.
[2017.11.16-05.10.51:503][729]LogContentBrowser: Native class hierarchy updated for 'DDMMO' in 0.0010 seconds. Added 4 classes and 2 folders.
[2017.11.16-05.10.51:505][729]Display: HotReload successful (0 functions remapped  0 scriptstructs remapped)
[2017.11.16-05.10.51:590][729]LogContentBrowser: Native class hierarchy populated in 0.0111 seconds. Added 2369 classes and 525 folders.
[2017.11.16-05.10.51:590][729]Display: HotReload took 15.3s.
[2017.11.16-05.42.00:425][828]LogVSAccessor: Warning: Couldn't access Visual Studio
[2017.11.16-05.42.00:447][828]Candidate modules for hot reload:
[2017.11.16-05.42.00:447][828]  DDMMO
[2017.11.16-05.42.00:447][828]Launching UnrealBuildTool... [D:/Games/Epic Games/UE_4.18/Engine/Binaries/DotNET/UnrealBuildTool.exe DDMMO -ModuleWithSuffix DDMMO 863 Win64 Development -editorrecompile -canskiplink "D:/Unreal/DigitalDurgenMMO/DDMMO/DDMMO.uproject" ]
[2017.11.16-05.42.00:450][828]Warning: Starting HotReload took  0.0s.
[2017.11.16-05.42.15:663][612]CompilerResultsLog: New page: Compilation - Nov 15, 2017, 7:42:15 PM
[2017.11.16-05.42.15:663][612]CompilerResultsLog: Using 'git status' to determine working set for adaptive non-unity build.
[2017.11.16-05.42.15:663][612]CompilerResultsLog: Compiling game modules for hot reload
[2017.11.16-05.42.15:663][612]CompilerResultsLog: Parsing headers for DDMMOEditor
[2017.11.16-05.42.15:663][612]CompilerResultsLog:   Running UnrealHeaderTool "D:\Unreal\DigitalDurgenMMO\DDMMO\DDMMO.uproject" "D:\Unreal\DigitalDurgenMMO\DDMMO\Intermediate\Build\Win64\DDMMOEditor\Development\DDMMOEditor.uhtmanifest" -LogCmds="loginit warning, logexit warning, logdatabase error" -Unattended -WarningsAsErrors -installed
[2017.11.16-05.42.15:663][612]CompilerResultsLog: Reflection code generated for DDMMOEditor in 8.6942257 seconds
[2017.11.16-05.42.15:663][612]CompilerResultsLog: Performing 7 actions (4 in parallel)
[2017.11.16-05.42.15:663][612]CompilerResultsLog: CharacterSkill.cpp
[2017.11.16-05.42.15:663][612]CompilerResultsLog: CharacterSkill.gen.cpp
[2017.11.16-05.42.15:663][612]CompilerResultsLog: CharacterClass.gen.cpp
[2017.11.16-05.42.15:663][612]CompilerResultsLog: CharacterClass.cpp
[2017.11.16-05.42.15:663][612]CompilerResultsLog: DDMMO.init.gen.cpp
[2017.11.16-05.42.15:663][612]CompilerResultsLog: [6/7] Link UE4Editor-DDMMO-863.dll
[2017.11.16-05.42.15:663][612]CompilerResultsLog: [7/7] Link UE4Editor-DDMMO-863.lib
[2017.11.16-05.42.15:663][612]CompilerResultsLog:    Creating library D:\Unreal\DigitalDurgenMMO\DDMMO\Intermediate\Build\Win64\UE4Editor\Development\UE4Editor-DDMMO-863.lib and object D:\Unreal\DigitalDurgenMMO\DDMMO\Intermediate\Build\Win64\UE4Editor\Development\UE4Editor-DDMMO-863.exp
[2017.11.16-05.42.15:663][612]CompilerResultsLog:    Creating library D:\Unreal\DigitalDurgenMMO\DDMMO\Intermediate\Build\Win64\UE4Editor\Development\UE4Editor-DDMMO-863.suppressed.lib and object D:\Unreal\DigitalDurgenMMO\DDMMO\Intermediate\Build\Win64\UE4Editor\Development\UE4Editor-DDMMO-863.suppressed.exp
[2017.11.16-05.42.15:663][612]CompilerResultsLog: Total build time: 14.96 seconds (Local executor: 1.52 seconds)
[2017.11.16-05.42.15:663][612]LogMainFrame: MainFrame: Module compiling took 15.238 seconds
[2017.11.16-05.42.15:708][612]LogClass: Could not find existing class CharacterClass in package /Script/DDMMO for HotReload, assuming new class
[2017.11.16-05.42.15:708][612]LogClass: Could not find existing class CharacterSkill in package /Script/DDMMO for HotReload, assuming new class
[2017.11.16-05.42.15:709][612]LogClass: SkillTag HotReload.
[2017.11.16-05.42.15:709][612]LogClass: DebuffType HotReload.
[2017.11.16-05.42.15:709][612]LogClass: BuffType HotReload.
[2017.11.16-05.42.15:709][612]LogClass: CastType HotReload.
[2017.11.16-05.42.15:709][612]LogClass: CastLocation HotReload.
[2017.11.16-05.42.15:711][612]LogHotReload: Re-instancing CharacterClass after hot-reload.
[2017.11.16-05.42.15:752][612]LogHotReload: Re-instancing CharacterSkill after hot-reload.
[2017.11.16-05.42.15:799][612]LogContentBrowser: Native class hierarchy updated for 'DDMMO' in 0.0013 seconds. Added 4 classes and 2 folders.
[2017.11.16-05.42.15:800][612]Display: HotReload successful (0 functions remapped  0 scriptstructs remapped)
[2017.11.16-05.42.15:836][612]LogContentBrowser: Native class hierarchy populated in 0.0085 seconds. Added 2369 classes and 525 folders.
[2017.11.16-05.42.15:836][612]Display: HotReload took 15.4s.
[2017.11.16-05.46.16:578][826]LogTexture: Display: Building textures: HQ_Lightmap1_2 (AutoDXT, 64X64)
[2017.11.16-05.46.16:578][826]LogTexture: Display: Building textures: HQ_Lightmap1_1 (AutoDXT, 128X128)
[2017.11.16-05.46.16:578][826]LogTexture: Display: Building textures: LQ_Lightmap_1_1 (DXT1, 128X128)
[2017.11.16-05.46.16:578][826]LogTexture: Display: Building textures: SkyOcclusion1_1 (AutoDXT, 128X64)
[2017.11.16-05.46.16:578][826]LogTexture: Display: Building textures: LQ_Lightmap_1_2 (DXT1, 64X64)
[2017.11.16-05.46.16:578][826]LogTexture: Display: Building textures: SkyOcclusion1_2 (AutoDXT, 64X32)
[2017.11.16-05.46.16:578][826]LogTexture: Display: Building textures: ShadowMapTexture2D_2 (G8, 64X64)
[2017.11.16-05.46.16:578][826]LogTexture: Display: Building textures: ShadowMapTexture2D_3 (G8, 32X32)
[2017.11.16-05.46.16:578][826]LogMaterial: Missing cached shader map for material M_Sky_Panning_Clouds2, compiling. 
[2017.11.16-05.46.16:644][826]LogAIModule: Creating AISystem for world WhiteBoxMap
[2017.11.16-05.46.16:708][826]Cmd: MAP LOAD FILE="../../../../../../Unreal/DigitalDurgenMMO/DDMMO/Content/Maps/WhiteBoxMap.umap" TEMPLATE=0 SHOWPROGRESS=1 FEATURELEVEL=3
[2017.11.16-05.46.16:708][826]LightingResults: New page: Lighting Build
[2017.11.16-05.46.16:742][826]LogContentBrowser: Native class hierarchy updated for 'StatsViewer' in 0.0009 seconds. Added 5 classes and 0 folders.
[2017.11.16-05.46.16:743][826]LoadErrors: New page: Loading map: WhiteBoxMap.umap
[2017.11.16-05.46.16:743][826]MapCheck: New page: Map Check
[2017.11.16-05.46.16:743][826]LightingResults: New page: Lighting Build
[2017.11.16-05.46.16:789][826]LogEditorServer: Finished looking for orphan Actors (0.000 secs)
[2017.11.16-05.46.16:826][826]Cmd: MAP CHECKDEP NOCLEARLOG
[2017.11.16-05.46.16:933][826]MapCheck: Map check complete: 0 Error(s), 0 Warning(s), took 106.715ms to complete.
[2017.11.16-05.46.16:933][826]LogFileHelpers: Loading map 'WhiteBoxMap' took 0.233
[2017.11.16-05.46.24:807][725]Cmd: OBJ SAVEPACKAGE PACKAGE="/Game/Maps/WhiteBoxMap" FILE="../../../../../../Unreal/DigitalDurgenMMO/DDMMO/Content/Maps/WhiteBoxMap.umap" SILENT=true AUTOSAVING=false KEEPDIRTY=false
[2017.11.16-05.46.25:061][725]LogSavePackage: Save=233.06ms
[2017.11.16-05.46.25:061][725]LogSavePackage: Moving '../../../../../../Unreal/DigitalDurgenMMO/DDMMO/Saved/WhiteBoxMap894BED574FC23DD4F57DD5B40C74441F.tmp' to '../../../../../../Unreal/DigitalDurgenMMO/DDMMO/Content/Maps/WhiteBoxMap.umap'
[2017.11.16-05.46.25:065][725]LogSavePackage: Display: Finished SavePackage ../../../../../../Unreal/DigitalDurgenMMO/DDMMO/Content/Maps/WhiteBoxMap.umap
